<?xml version="1.0" encoding="UTF-8"?>
<!-- Generated by org.testng.reporters.JUnitReportReporter -->
<testsuite name="webTables.PageScrolling" tests="1" time="41.375" ignored="0" failures="0" timestamp="01 Jun 2020 22:37:40 GMT" skipped="0" hostname="harshit" errors="0">
  <testcase name="scroll" time="41.375" classname="webTables.PageScrolling"/>
</testsuite> <!-- webTables.PageScrolling -->
