<?xml version="1.0" encoding="UTF-8"?>
<!-- Generated by org.testng.reporters.JUnitReportReporter -->
<testsuite name="webTables.PrintHeaders" tests="1" time="7.095" ignored="0" failures="0" timestamp="01 Jun 2020 22:27:00 GMT" skipped="0" hostname="harshit" errors="0">
  <testcase name="headers" time="7.095" classname="webTables.PrintHeaders"/>
</testsuite> <!-- webTables.PrintHeaders -->
