<?xml version="1.0" encoding="UTF-8"?>
<!-- Generated by org.testng.reporters.JUnitReportReporter -->
<testsuite name="webTables.PrintAllRowValues" tests="1" time="4.551" ignored="0" failures="0" timestamp="01 Jun 2020 22:29:40 GMT" skipped="0" hostname="harshit" errors="0">
  <testcase name="headers" time="4.551" classname="webTables.PrintAllRowValues"/>
</testsuite> <!-- webTables.PrintAllRowValues -->
