<?xml version="1.0" encoding="UTF-8"?>
<!-- Generated by org.testng.reporters.JUnitReportReporter -->
<testsuite name="webTables.FetchPriceIfElse" tests="1" time="3.546" ignored="0" failures="0" timestamp="01 Jun 2020 22:34:35 GMT" skipped="0" hostname="harshit" errors="0">
  <testcase name="headers" time="3.546" classname="webTables.FetchPriceIfElse"/>
</testsuite> <!-- webTables.FetchPriceIfElse -->
