<?xml version="1.0" encoding="UTF-8"?>
<!-- Generated by org.testng.reporters.JUnitReportReporter -->
<testsuite name="webTables.PrintPriceOfAuthor" tests="1" time="4.031" ignored="0" failures="0" timestamp="01 Jun 2020 22:31:52 GMT" skipped="0" hostname="harshit" errors="0">
  <testcase name="headers" time="4.031" classname="webTables.PrintPriceOfAuthor"/>
</testsuite> <!-- webTables.PrintPriceOfAuthor -->
